<?xml version="1.0" encoding="UTF-8"?>
<!-- Generated by org.testng.reporters.JUnitReportReporter -->
<testsuite hostname="LTIN263693" failures="0" tests="3" name="com.testing.utils.JsonFileUtils" time="0.030" errors="0" timestamp="2023-04-19T13:39:16 IST" skipped="0">
  <testcase classname="com.testing.utils.JsonFileUtils" name="printLogin" time="0.004"/>
  <system-out/>
  <testcase classname="com.testing.utils.JsonFileUtils" name="printLogin" time="0.022"/>
  <system-out/>
  <testcase classname="com.testing.utils.JsonFileUtils" name="printLogin" time="0.004"/>
  <system-out/>
</testsuite> <!-- com.testing.utils.JsonFileUtils -->
