<?xml version="1.0" encoding="UTF-8"?>
<!-- Generated by org.testng.reporters.JUnitReportReporter -->
<testsuite hostname="LTIN263693" failures="0" tests="3" name="com.testing.testcases.TC03_AddToCart" time="2.419" errors="0" timestamp="2023-08-14T10:23:27 IST" skipped="0">
  <testcase classname="com.testing.testcases.TC03_AddToCart" name="addProductToCart" time="1.294"/>
  <system-out/>
  <testcase classname="com.testing.testcases.TC03_AddToCart" name="login" time="0.709"/>
  <system-out/>
  <testcase classname="com.testing.testcases.TC03_AddToCart" name="removeProductFromCart" time="0.416"/>
  <system-out/>
</testsuite> <!-- com.testing.testcases.TC03_AddToCart -->
