<?xml version="1.0" encoding="UTF-8"?>
<!-- Generated by org.testng.reporters.JUnitReportReporter -->
<testsuite hostname="LTIN263693" failures="0" tests="4" name="com.testing.testcases.TC04_Checkout" time="4.715" errors="0" timestamp="2023-08-14T10:23:27 IST" skipped="0">
  <testcase classname="com.testing.testcases.TC04_Checkout" name="login" time="1.898"/>
  <system-out/>
  <testcase classname="com.testing.testcases.TC04_Checkout" name="addProductToCart" time="1.324"/>
  <system-out/>
  <testcase classname="com.testing.testcases.TC04_Checkout" name="finishCheckout" time="0.591"/>
  <system-out/>
  <testcase classname="com.testing.testcases.TC04_Checkout" name="checkoutTheProduct" time="0.902"/>
  <system-out/>
</testsuite> <!-- com.testing.testcases.TC04_Checkout -->
