<?xml version="1.0" encoding="UTF-8"?>
<!-- Generated by org.testng.reporters.JUnitReportReporter -->
<testsuite hostname="LTIN263693" failures="0" tests="5" name="com.testing.testcases.TC02_SortProducts" time="4.063" errors="0" timestamp="2023-08-14T10:23:27 IST" skipped="0">
  <testcase classname="com.testing.testcases.TC02_SortProducts" name="sorting" time="0.543"/>
  <system-out/>
  <testcase classname="com.testing.testcases.TC02_SortProducts" name="login" time="1.276"/>
  <system-out/>
  <testcase classname="com.testing.testcases.TC02_SortProducts" name="sorting" time="0.735"/>
  <system-out/>
  <testcase classname="com.testing.testcases.TC02_SortProducts" name="sorting" time="0.736"/>
  <system-out/>
  <testcase classname="com.testing.testcases.TC02_SortProducts" name="sorting" time="0.773"/>
  <system-out/>
</testsuite> <!-- com.testing.testcases.TC02_SortProducts -->
