<?xml version="1.0" encoding="UTF-8"?>
<!-- Generated by org.testng.reporters.JUnitReportReporter -->
<testsuite hostname="Logan" failures="0" tests="4" name="com.testing.testcases.TC04_Checkout" time="0.486" errors="0" timestamp="2023-08-14T15:02:34 IST" skipped="0">
  <testcase classname="com.testing.testcases.TC04_Checkout" name="checkoutTheProduct" time="0.171"/>
  <system-out/>
  <testcase classname="com.testing.testcases.TC04_Checkout" name="finishCheckout" time="0.072"/>
  <system-out/>
  <testcase classname="com.testing.testcases.TC04_Checkout" name="login" time="0.135"/>
  <system-out/>
  <testcase classname="com.testing.testcases.TC04_Checkout" name="addProductToCart" time="0.108"/>
  <system-out/>
</testsuite> <!-- com.testing.testcases.TC04_Checkout -->
