<?xml version="1.0" encoding="UTF-8"?>
<!-- Generated by org.testng.reporters.JUnitReportReporter -->
<testsuite hostname="Logan" failures="0" tests="3" name="com.testing.testcases.TC03_AddToCart" time="0.397" errors="0" timestamp="2023-08-14T15:02:34 IST" skipped="0">
  <testcase classname="com.testing.testcases.TC03_AddToCart" name="removeProductFromCart" time="0.075"/>
  <system-out/>
  <testcase classname="com.testing.testcases.TC03_AddToCart" name="addProductToCart" time="0.182"/>
  <system-out/>
  <testcase classname="com.testing.testcases.TC03_AddToCart" name="login" time="0.140"/>
  <system-out/>
</testsuite> <!-- com.testing.testcases.TC03_AddToCart -->
