<?xml version="1.0" encoding="UTF-8"?>
<!-- Generated by org.testng.reporters.JUnitReportReporter -->
<testsuite hostname="Logan" failures="0" tests="3" name="com.testing.testcases.TC03_AddToCart" time="0.715" errors="0" timestamp="2023-08-14T14:50:26 IST" skipped="0">
  <testcase classname="com.testing.testcases.TC03_AddToCart" name="login" time="0.393"/>
  <system-out/>
  <testcase classname="com.testing.testcases.TC03_AddToCart" name="addProductToCart" time="0.254"/>
  <system-out/>
  <testcase classname="com.testing.testcases.TC03_AddToCart" name="removeProductFromCart" time="0.068"/>
  <system-out/>
</testsuite> <!-- com.testing.testcases.TC03_AddToCart -->
