<?xml version="1.0" encoding="UTF-8"?>
<!-- Generated by org.testng.reporters.JUnitReportReporter -->
<testsuite hostname="Logan" failures="0" tests="5" name="com.testing.testcases.TC02_SortProducts" time="0.619" errors="0" timestamp="2023-08-14T15:02:34 IST" skipped="0">
  <testcase classname="com.testing.testcases.TC02_SortProducts" name="sorting" time="0.111"/>
  <system-out/>
  <testcase classname="com.testing.testcases.TC02_SortProducts" name="sorting" time="0.145"/>
  <system-out/>
  <testcase classname="com.testing.testcases.TC02_SortProducts" name="sorting" time="0.113"/>
  <system-out/>
  <testcase classname="com.testing.testcases.TC02_SortProducts" name="login" time="0.138"/>
  <system-out/>
  <testcase classname="com.testing.testcases.TC02_SortProducts" name="sorting" time="0.112"/>
  <system-out/>
</testsuite> <!-- com.testing.testcases.TC02_SortProducts -->
