<?xml version="1.0" encoding="UTF-8"?>
<!-- Generated by org.testng.reporters.JUnitReportReporter -->
<testsuite hostname="Logan" failures="0" tests="4" name="com.testing.testcases.TC04_Checkout" time="1.494" errors="0" timestamp="2023-08-14T14:50:26 IST" skipped="0">
  <testcase classname="com.testing.testcases.TC04_Checkout" name="addProductToCart" time="0.471"/>
  <system-out/>
  <testcase classname="com.testing.testcases.TC04_Checkout" name="finishCheckout" time="0.179"/>
  <system-out/>
  <testcase classname="com.testing.testcases.TC04_Checkout" name="login" time="0.396"/>
  <system-out/>
  <testcase classname="com.testing.testcases.TC04_Checkout" name="checkoutTheProduct" time="0.448"/>
  <system-out/>
</testsuite> <!-- com.testing.testcases.TC04_Checkout -->
