<?xml version="1.0" encoding="UTF-8"?>
<!-- Generated by org.testng.reporters.JUnitReportReporter -->
<testsuite hostname="Logan" failures="0" tests="5" name="com.testing.testcases.TC02_SortProducts" time="1.750" errors="0" timestamp="2023-08-14T14:50:26 IST" skipped="0">
  <testcase classname="com.testing.testcases.TC02_SortProducts" name="sorting" time="0.327"/>
  <system-out/>
  <testcase classname="com.testing.testcases.TC02_SortProducts" name="sorting" time="0.383"/>
  <system-out/>
  <testcase classname="com.testing.testcases.TC02_SortProducts" name="sorting" time="0.316"/>
  <system-out/>
  <testcase classname="com.testing.testcases.TC02_SortProducts" name="login" time="0.408"/>
  <system-out/>
  <testcase classname="com.testing.testcases.TC02_SortProducts" name="sorting" time="0.316"/>
  <system-out/>
</testsuite> <!-- com.testing.testcases.TC02_SortProducts -->
